0 info it worked if it ends with ok
1 verbose cli [ 'node', '/Users/christinachen/.nvm/v0.10.46/bin/npm', 'start' ]
2 info using npm@3.10.5
3 info using node@v0.10.46
4 verbose run-script [ 'prestart', 'start', 'poststart' ]
5 info lifecycle website-using-express@0.0.1~prestart: website-using-express@0.0.1
6 silly lifecycle website-using-express@0.0.1~prestart: no script for prestart, continuing
7 info lifecycle website-using-express@0.0.1~start: website-using-express@0.0.1
8 verbose lifecycle website-using-express@0.0.1~start: unsafe-perm in lifecycle true
9 verbose lifecycle website-using-express@0.0.1~start: PATH: /Users/christinachen/.nvm/v0.10.46/lib/node_modules/npm/bin/node-gyp-bin:/Users/christinachen/WebstormProjects/tutorial/node_modules/.bin:/Users/christinachen/.nvm/v0.10.46/bin:/Users/christinachen/.nvm/v0.10.46/bin:/usr/bin:/bin:/usr/sbin:/sbin:/usr/local/bin
10 verbose lifecycle website-using-express@0.0.1~start: CWD: /Users/christinachen/WebstormProjects/tutorial
11 silly lifecycle website-using-express@0.0.1~start: Args: [ '-c', 'node Server.js' ]
12 silly lifecycle website-using-express@0.0.1~start: Returned: code: 8  signal: null
13 info lifecycle website-using-express@0.0.1~start: Failed to exec start script
14 verbose stack Error: website-using-express@0.0.1 start: `node Server.js`
14 verbose stack Exit status 8
14 verbose stack     at EventEmitter.<anonymous> (/Users/christinachen/.nvm/v0.10.46/lib/node_modules/npm/lib/utils/lifecycle.js:242:16)
14 verbose stack     at EventEmitter.emit (events.js:98:17)
14 verbose stack     at ChildProcess.<anonymous> (/Users/christinachen/.nvm/v0.10.46/lib/node_modules/npm/lib/utils/spawn.js:40:14)
14 verbose stack     at ChildProcess.emit (events.js:98:17)
14 verbose stack     at maybeClose (child_process.js:766:16)
14 verbose stack     at Process.ChildProcess._handle.onexit (child_process.js:833:5)
15 verbose pkgid website-using-express@0.0.1
16 verbose cwd /Users/christinachen/WebstormProjects/tutorial
17 error Darwin 15.6.0
18 error argv "node" "/Users/christinachen/.nvm/v0.10.46/bin/npm" "start"
19 error node v0.10.46
20 error npm  v3.10.5
21 error code ELIFECYCLE
22 error website-using-express@0.0.1 start: `node Server.js`
22 error Exit status 8
23 error Failed at the website-using-express@0.0.1 start script 'node Server.js'.
23 error Make sure you have the latest version of node.js and npm installed.
23 error If you do, this is most likely a problem with the website-using-express package,
23 error not with npm itself.
23 error Tell the author that this fails on your system:
23 error     node Server.js
23 error You can get information on how to open an issue for this project with:
23 error     npm bugs website-using-express
23 error Or if that isn't available, you can get their info via:
23 error     npm owner ls website-using-express
23 error There is likely additional logging output above.
24 verbose exit [ 1, true ]
